f:\my_software_develops\covid\fluete\flueteproject\flueteproject\debug\vc142.pdb
f:\my_software_develops\covid\fluete\flueteproject\flueteproject\debug\vc142.idb
f:\my_software_develops\covid\fluete\flueteproject\flueteproject\debug\dsfmt.obj
f:\my_software_develops\covid\fluete\flueteproject\flueteproject\debug\bnldev.obj
f:\my_software_develops\covid\fluete\flueteproject\flueteproject\debug\r0model.obj
f:\my_software_develops\covid\fluete\flueteproject\flueteproject\debug\params.obj
f:\my_software_develops\covid\fluete\flueteproject\flueteproject\debug\flute.obj
f:\my_software_develops\covid\fluete\flueteproject\flueteproject\debug\epimodelparameters.obj
f:\my_software_develops\covid\fluete\flueteproject\flueteproject\debug\epimodel.obj
f:\my_software_develops\covid\fluete\flueteproject\debug\flueteproject.pdb
f:\my_software_develops\covid\fluete\flueteproject\flueteproject\debug\flueteproject.tlog\cl.command.1.tlog
f:\my_software_develops\covid\fluete\flueteproject\flueteproject\debug\flueteproject.tlog\cl.read.1.tlog
f:\my_software_develops\covid\fluete\flueteproject\flueteproject\debug\flueteproject.tlog\cl.write.1.tlog
f:\my_software_develops\covid\fluete\flueteproject\flueteproject\debug\flueteproject.tlog\link-cvtres.read.1.tlog
f:\my_software_develops\covid\fluete\flueteproject\flueteproject\debug\flueteproject.tlog\link-cvtres.write.1.tlog
f:\my_software_develops\covid\fluete\flueteproject\flueteproject\debug\flueteproject.tlog\link-rc.read.1.tlog
f:\my_software_develops\covid\fluete\flueteproject\flueteproject\debug\flueteproject.tlog\link-rc.write.1.tlog
f:\my_software_develops\covid\fluete\flueteproject\flueteproject\debug\flueteproject.tlog\link.command.1.tlog
f:\my_software_develops\covid\fluete\flueteproject\flueteproject\debug\flueteproject.tlog\link.read.1.tlog
f:\my_software_develops\covid\fluete\flueteproject\flueteproject\debug\flueteproject.tlog\link.write.1.tlog
